[    2435ms] [ERROR] Failed to load resource: the server responded with a status of 502 () @ https://store.development.qawafel.dev/_next/image?url=https%3A%2F%2Fqawafel-backend-assets-development.s3.eu-central-1.amazonaws.com%2Fmedia%2F11764%2Fconversions%2Fchocolate-1--medium-medium.jpg&w=640&q=75:0
[  226617ms] [ERROR] `DialogContent` requires a `DialogTitle` for the component to be accessible for screen reader users.

If you want to hide the `DialogTitle`, you can wrap it with our VisuallyHidden component.

For more information, see https://radix-ui.com/primitives/docs/components/dialog @ https://store.development.qawafel.dev/_next/static/chunks/6088-086fad4346d0ea6c.js?dpl=dpl_9VrR3JMLYfbPyv1kH4C8bBwU3Voo:4
[  226621ms] [WARNING] Warning: Missing `Description` or `aria-describedby={undefined}` for {DialogContent}. @ https://store.development.qawafel.dev/_next/static/chunks/6088-086fad4346d0ea6c.js?dpl=dpl_9VrR3JMLYfbPyv1kH4C8bBwU3Voo:4
[ 1788501ms] [LOG] clicking button @ :0
[ 1943455ms] [ERROR] Failed to load resource: the server responded with a status of 502 () @ https://store.development.qawafel.dev/_next/image?url=https%3A%2F%2Fqawafel-backend-assets-development.s3.eu-central-1.amazonaws.com%2Fmedia%2F11764%2Fconversions%2Fchocolate-1--medium-medium.jpg&w=640&q=75:0
[ 2020563ms] [ERROR] `DialogContent` requires a `DialogTitle` for the component to be accessible for screen reader users.

If you want to hide the `DialogTitle`, you can wrap it with our VisuallyHidden component.

For more information, see https://radix-ui.com/primitives/docs/components/dialog @ https://store.development.qawafel.dev/_next/static/chunks/6088-086fad4346d0ea6c.js?dpl=dpl_9VrR3JMLYfbPyv1kH4C8bBwU3Voo:4
[ 2020565ms] [WARNING] Warning: Missing `Description` or `aria-describedby={undefined}` for {DialogContent}. @ https://store.development.qawafel.dev/_next/static/chunks/6088-086fad4346d0ea6c.js?dpl=dpl_9VrR3JMLYfbPyv1kH4C8bBwU3Voo:4
[ 2394889ms] [LOG] FORM SUBMIT EVENT @ :0
[ 2394890ms] [LOG] submit event fired, defaultPrevented: false @ :0
[ 2488074ms] [LOG] FORM SUBMIT EVENT @ :0
[ 2488074ms] [LOG] submit event fired, defaultPrevented: false @ :0
[ 2889931ms] [LOG] FORM SUBMIT EVENT @ :0
[ 2889931ms] [LOG] submit event fired, defaultPrevented: false @ :0
[ 2891445ms] [ERROR] Failed to load resource: the server responded with a status of 422 () @ https://api.development.qawafel.dev/storefront/v1/customers/addresses:0
[ 2979084ms] [LOG] FORM SUBMIT EVENT @ :0
[ 2979084ms] [LOG] submit event fired, defaultPrevented: false @ :0
[ 2979681ms] [ERROR] Failed to load resource: the server responded with a status of 422 () @ https://api.development.qawafel.dev/storefront/v1/customers/register:0
[ 3051835ms] [LOG] FORM SUBMIT EVENT @ :0
[ 3051835ms] [LOG] submit event fired, defaultPrevented: false @ :0
[ 3052434ms] [ERROR] Failed to load resource: the server responded with a status of 422 () @ https://api.development.qawafel.dev/storefront/v1/customers/register:0
[ 3102995ms] [LOG] FORM SUBMIT EVENT @ :0
[ 3102995ms] [LOG] submit event fired, defaultPrevented: false @ :0
