[    3975ms] [ERROR] Failed to load resource: the server responded with a status of 502 () @ https://store.development.qawafel.dev/_next/image?url=https%3A%2F%2Fqawafel-backend-assets-development.s3.eu-central-1.amazonaws.com%2Fmedia%2F11764%2Fconversions%2Fchocolate-1--medium-medium.jpg&w=640&q=75:0
[   78289ms] [ERROR] `DialogContent` requires a `DialogTitle` for the component to be accessible for screen reader users.

If you want to hide the `DialogTitle`, you can wrap it with our VisuallyHidden component.

For more information, see https://radix-ui.com/primitives/docs/components/dialog @ https://store.development.qawafel.dev/_next/static/chunks/5602-964a2f83074840aa.js?dpl=dpl_GUe5rz7GLbqssZgvDP8Tdtt7YQzS:4
[   78290ms] [WARNING] Warning: Missing `Description` or `aria-describedby={undefined}` for {DialogContent}. @ https://store.development.qawafel.dev/_next/static/chunks/5602-964a2f83074840aa.js?dpl=dpl_GUe5rz7GLbqssZgvDP8Tdtt7YQzS:4
[  138178ms] [ERROR] Failed to load resource: the server responded with a status of 502 () @ https://store.development.qawafel.dev/_next/image?url=https%3A%2F%2Fqawafel-backend-assets-development.s3.eu-central-1.amazonaws.com%2Fmedia%2F11764%2Fconversions%2Fchocolate-1--medium-medium.jpg&w=640&q=75:0
[  142366ms] [ERROR] `DialogContent` requires a `DialogTitle` for the component to be accessible for screen reader users.

If you want to hide the `DialogTitle`, you can wrap it with our VisuallyHidden component.

For more information, see https://radix-ui.com/primitives/docs/components/dialog @ https://store.development.qawafel.dev/_next/static/chunks/5602-964a2f83074840aa.js?dpl=dpl_GUe5rz7GLbqssZgvDP8Tdtt7YQzS:4
[  142368ms] [WARNING] Warning: Missing `Description` or `aria-describedby={undefined}` for {DialogContent}. @ https://store.development.qawafel.dev/_next/static/chunks/5602-964a2f83074840aa.js?dpl=dpl_GUe5rz7GLbqssZgvDP8Tdtt7YQzS:4
[  222219ms] [ERROR] Failed to load resource: the server responded with a status of 502 () @ https://store.development.qawafel.dev/_next/image?url=https%3A%2F%2Fqawafel-backend-assets-development.s3.eu-central-1.amazonaws.com%2Fmedia%2F11764%2Fconversions%2Fchocolate-1--medium-medium.jpg&w=640&q=75:0
[  225818ms] [ERROR] Failed to load resource: the server responded with a status of 400 () @ https://api.development.qawafel.dev/storefront/v1/customers/verify-otp:0
[  225820ms] Object
[  314455ms] [ERROR] Failed to load resource: the server responded with a status of 502 () @ https://store.development.qawafel.dev/_next/image?url=https%3A%2F%2Fqawafel-backend-assets-development.s3.eu-central-1.amazonaws.com%2Fmedia%2F11764%2Fconversions%2Fchocolate-1--medium-medium.jpg&w=640&q=75:0
[  318581ms] [ERROR] `DialogContent` requires a `DialogTitle` for the component to be accessible for screen reader users.

If you want to hide the `DialogTitle`, you can wrap it with our VisuallyHidden component.

For more information, see https://radix-ui.com/primitives/docs/components/dialog @ https://store.development.qawafel.dev/_next/static/chunks/5602-964a2f83074840aa.js?dpl=dpl_GUe5rz7GLbqssZgvDP8Tdtt7YQzS:4
[  318583ms] [WARNING] Warning: Missing `Description` or `aria-describedby={undefined}` for {DialogContent}. @ https://store.development.qawafel.dev/_next/static/chunks/5602-964a2f83074840aa.js?dpl=dpl_GUe5rz7GLbqssZgvDP8Tdtt7YQzS:4
[  905676ms] [ERROR] Failed to load resource: the server responded with a status of 422 () @ https://api.development.qawafel.dev/storefront/v1/customers/register:0
[  905712ms] Object
[ 4319442ms] [ERROR] Failed to load resource: the server responded with a status of 502 () @ https://store.development.qawafel.dev/_next/image?url=https%3A%2F%2Fqawafel-backend-assets-development.s3.eu-central-1.amazonaws.com%2Fmedia%2F11764%2Fconversions%2Fchocolate-1--medium-medium.jpg&w=640&q=75:0
[ 4500455ms] [ERROR] Failed to load resource: the server responded with a status of 502 () @ https://store.development.qawafel.dev/_next/image?url=https%3A%2F%2Fqawafel-backend-assets-development.s3.eu-central-1.amazonaws.com%2Fmedia%2F11764%2Fconversions%2Fchocolate-1--medium-medium.jpg&w=640&q=75:0
[ 4588822ms] [ERROR] Failed to load resource: the server responded with a status of 502 () @ https://store.development.qawafel.dev/_next/image?url=https%3A%2F%2Fqawafel-backend-assets-development.s3.eu-central-1.amazonaws.com%2Fmedia%2F11764%2Fconversions%2Fchocolate-1--medium-medium.jpg&w=640&q=75:0
[ 4629751ms] [ERROR] Failed to load resource: the server responded with a status of 502 () @ https://store.development.qawafel.dev/_next/image?url=https%3A%2F%2Fqawafel-backend-assets-development.s3.eu-central-1.amazonaws.com%2Fmedia%2F11764%2Fconversions%2Fchocolate-1--medium-medium.jpg&w=640&q=75:0
